2017-11-20 12:53:12,550 [Worker-2] INFO  o.e.m.c.i.l.LifecycleMappingFactory - Using org.eclipse.m2e.jdt.JarLifecycleMapping lifecycle mapping for MavenProject: Tercol:TriskelBackend:1.0-SNAPSHOT @ /home/default/reposBitbucket/triskel-backend-web/pom.xml.
2017-11-20 12:53:13,504 [Worker-2] INFO  o.e.m.j.i.AbstractJavaProjectConfigurator - Adding source folder /TriskelBackend/src/main/java
2017-11-20 12:53:13,505 [Worker-2] INFO  o.e.m.j.i.AbstractJavaProjectConfigurator - Adding resource folder /TriskelBackend/src/main/resources
2017-11-20 12:53:13,506 [Worker-2] INFO  o.e.m.j.i.AbstractJavaProjectConfigurator - Adding source folder /TriskelBackend/src/test/java
2017-11-20 12:53:13,978 [Worker-2] INFO  o.e.m.c.i.p.ProjectConfigurationManager - Imported and configured 1 project(s) in 2 sec
2017-11-20 12:53:15,339 [Worker-0] INFO  o.e.m.c.i.embedder.EclipseLogger - Using 'UTF-8' encoding to copy filtered resources.
2017-11-20 12:53:15,344 [Worker-0] INFO  o.e.m.c.i.embedder.EclipseLogger - Copying 3 resources
2017-11-20 12:53:15,354 [Worker-0] INFO  o.e.m.c.i.embedder.EclipseLogger - Using 'UTF-8' encoding to copy filtered resources.
2017-11-20 12:53:15,354 [Worker-0] INFO  o.e.m.c.i.embedder.EclipseLogger - skip non existing resourceDirectory /home/default/reposBitbucket/triskel-backend-web/src/test/resources
2018-01-10 20:22:27,287 [Worker-6] INFO  o.e.m.c.i.embedder.EclipseLogger - Using 'UTF-8' encoding to copy filtered resources.
2018-01-10 20:22:27,294 [Worker-6] INFO  o.e.m.c.i.embedder.EclipseLogger - Copying 3 resources
2018-01-10 20:22:27,301 [Worker-6] INFO  o.e.m.c.i.embedder.EclipseLogger - Using 'UTF-8' encoding to copy filtered resources.
2018-01-10 20:22:27,301 [Worker-6] INFO  o.e.m.c.i.embedder.EclipseLogger - skip non existing resourceDirectory /home/default/reposBitbucket/triskel-backend-web/src/test/resources
2018-01-10 20:22:29,332 [Worker-5] INFO  o.e.m.c.i.l.LifecycleMappingFactory - Using org.eclipse.m2e.jdt.JarLifecycleMapping lifecycle mapping for MavenProject: Tercol:TriskelBackend:1.0-SNAPSHOT @ /home/default/reposBitbucket/triskel-backend-web/pom.xml.
2018-01-10 20:22:29,799 [Worker-5] INFO  o.e.m.c.i.embedder.EclipseLogger - Using 'UTF-8' encoding to copy filtered resources.
2018-01-10 20:22:29,802 [Worker-5] INFO  o.e.m.c.i.embedder.EclipseLogger - Copying 3 resources
2018-01-10 20:22:29,809 [Worker-5] INFO  o.e.m.c.i.embedder.EclipseLogger - Using 'UTF-8' encoding to copy filtered resources.
2018-01-10 20:22:29,809 [Worker-5] INFO  o.e.m.c.i.embedder.EclipseLogger - skip non existing resourceDirectory /home/default/reposBitbucket/triskel-backend-web/src/test/resources
2018-01-10 20:24:58,167 [Worker-11] INFO  o.e.m.c.i.embedder.EclipseLogger - Using 'UTF-8' encoding to copy filtered resources.
2018-01-10 20:24:58,167 [Worker-11] INFO  o.e.m.c.i.embedder.EclipseLogger - Copying 3 resources
2018-01-10 20:24:58,169 [Worker-11] INFO  o.e.m.c.i.embedder.EclipseLogger - Using 'UTF-8' encoding to copy filtered resources.
2018-01-10 20:24:58,169 [Worker-11] INFO  o.e.m.c.i.embedder.EclipseLogger - skip non existing resourceDirectory /home/default/reposBitbucket/triskel-backend-web/src/test/resources
2018-01-10 23:23:18,809 [Worker-24] INFO  o.e.m.c.i.embedder.EclipseLogger - Using 'UTF-8' encoding to copy filtered resources.
2018-01-10 23:23:18,810 [Worker-24] INFO  o.e.m.c.i.embedder.EclipseLogger - Copying 3 resources
2018-01-10 23:23:18,812 [Worker-24] INFO  o.e.m.c.i.embedder.EclipseLogger - Using 'UTF-8' encoding to copy filtered resources.
2018-01-10 23:23:18,812 [Worker-24] INFO  o.e.m.c.i.embedder.EclipseLogger - skip non existing resourceDirectory /home/default/reposBitbucket/triskel-backend-web/src/test/resources
2018-01-10 23:39:01,445 [Worker-30] INFO  o.e.m.c.i.embedder.EclipseLogger - Using 'UTF-8' encoding to copy filtered resources.
2018-01-10 23:39:01,447 [Worker-30] INFO  o.e.m.c.i.embedder.EclipseLogger - Copying 3 resources
2018-01-10 23:39:01,448 [Worker-30] INFO  o.e.m.c.i.embedder.EclipseLogger - Using 'UTF-8' encoding to copy filtered resources.
2018-01-10 23:39:01,448 [Worker-30] INFO  o.e.m.c.i.embedder.EclipseLogger - skip non existing resourceDirectory /home/default/reposBitbucket/triskel-backend-web/src/test/resources
2018-01-10 23:42:01,621 [Worker-31] INFO  o.e.m.c.i.embedder.EclipseLogger - Using 'UTF-8' encoding to copy filtered resources.
2018-01-10 23:42:01,622 [Worker-31] INFO  o.e.m.c.i.embedder.EclipseLogger - Copying 0 resource
2018-01-10 23:42:01,622 [Worker-31] INFO  o.e.m.c.i.embedder.EclipseLogger - Using 'UTF-8' encoding to copy filtered resources.
2018-01-10 23:42:01,623 [Worker-31] INFO  o.e.m.c.i.embedder.EclipseLogger - skip non existing resourceDirectory /home/default/reposBitbucket/triskel-backend-web/src/test/resources
2018-01-10 23:51:50,674 [Worker-33] INFO  o.e.m.c.i.embedder.EclipseLogger - Using 'UTF-8' encoding to copy filtered resources.
2018-01-10 23:51:50,675 [Worker-33] INFO  o.e.m.c.i.embedder.EclipseLogger - Copying 3 resources
2018-01-10 23:51:50,676 [Worker-33] INFO  o.e.m.c.i.embedder.EclipseLogger - Using 'UTF-8' encoding to copy filtered resources.
2018-01-10 23:51:50,676 [Worker-33] INFO  o.e.m.c.i.embedder.EclipseLogger - skip non existing resourceDirectory /home/default/reposBitbucket/triskel-backend-web/src/test/resources
2018-01-12 15:45:09,215 [Worker-3] INFO  o.e.m.c.i.l.LifecycleMappingFactory - Using org.eclipse.m2e.jdt.JarLifecycleMapping lifecycle mapping for MavenProject: Tercol:TriskelBackend:1.0-SNAPSHOT @ /home/default/reposBitbucket/triskel-backend-web/pom.xml.
2018-01-12 15:45:10,066 [Worker-3] INFO  o.e.m.c.i.embedder.EclipseLogger - Using 'UTF-8' encoding to copy filtered resources.
2018-01-12 15:45:10,070 [Worker-3] INFO  o.e.m.c.i.embedder.EclipseLogger - Copying 3 resources
2018-01-12 15:45:10,077 [Worker-3] INFO  o.e.m.c.i.embedder.EclipseLogger - Using 'UTF-8' encoding to copy filtered resources.
2018-01-12 15:45:10,077 [Worker-3] INFO  o.e.m.c.i.embedder.EclipseLogger - skip non existing resourceDirectory /home/default/reposBitbucket/triskel-backend-web/src/test/resources
2018-01-12 15:45:17,237 [Worker-19] INFO  o.e.m.c.i.embedder.EclipseLogger - Using 'UTF-8' encoding to copy filtered resources.
2018-01-12 15:45:17,239 [Worker-19] INFO  o.e.m.c.i.embedder.EclipseLogger - Copying 0 resource
2018-01-12 15:45:17,240 [Worker-19] INFO  o.e.m.c.i.embedder.EclipseLogger - Using 'UTF-8' encoding to copy filtered resources.
2018-01-12 15:45:17,240 [Worker-19] INFO  o.e.m.c.i.embedder.EclipseLogger - skip non existing resourceDirectory /home/default/reposBitbucket/triskel-backend-web/src/test/resources
2018-01-12 15:48:18,510 [Worker-20] INFO  o.e.m.c.i.embedder.EclipseLogger - Using 'UTF-8' encoding to copy filtered resources.
2018-01-12 15:48:18,513 [Worker-20] INFO  o.e.m.c.i.embedder.EclipseLogger - Copying 3 resources
2018-01-12 15:48:18,515 [Worker-20] INFO  o.e.m.c.i.embedder.EclipseLogger - Using 'UTF-8' encoding to copy filtered resources.
2018-01-12 15:48:18,515 [Worker-20] INFO  o.e.m.c.i.embedder.EclipseLogger - skip non existing resourceDirectory /home/default/reposBitbucket/triskel-backend-web/src/test/resources
2018-01-12 16:37:24,881 [Worker-11] INFO  o.e.m.c.i.embedder.EclipseLogger - Using 'UTF-8' encoding to copy filtered resources.
2018-01-12 16:37:24,882 [Worker-11] INFO  o.e.m.c.i.embedder.EclipseLogger - Copying 3 resources
2018-01-12 16:37:24,885 [Worker-11] INFO  o.e.m.c.i.embedder.EclipseLogger - Using 'UTF-8' encoding to copy filtered resources.
2018-01-12 16:37:24,885 [Worker-11] INFO  o.e.m.c.i.embedder.EclipseLogger - skip non existing resourceDirectory /home/default/reposBitbucket/triskel-backend-web/src/test/resources
2018-01-12 17:02:40,437 [Worker-11] INFO  o.e.m.c.i.embedder.EclipseLogger - Using 'UTF-8' encoding to copy filtered resources.
2018-01-12 17:02:40,439 [Worker-11] INFO  o.e.m.c.i.embedder.EclipseLogger - Copying 3 resources
2018-01-12 17:02:40,444 [Worker-11] INFO  o.e.m.c.i.embedder.EclipseLogger - Using 'UTF-8' encoding to copy filtered resources.
2018-01-12 17:02:40,444 [Worker-11] INFO  o.e.m.c.i.embedder.EclipseLogger - skip non existing resourceDirectory /home/default/reposBitbucket/triskel-backend-web/src/test/resources
2018-01-14 20:58:35,547 [Worker-5] INFO  o.e.m.c.i.l.LifecycleMappingFactory - Using org.eclipse.m2e.jdt.JarLifecycleMapping lifecycle mapping for MavenProject: Tercol:TriskelBackend:1.0-SNAPSHOT @ /home/default/reposBitbucket/triskel-backend-web/pom.xml.
2018-01-14 20:58:38,290 [Worker-5] INFO  o.e.m.c.i.embedder.EclipseLogger - Using 'UTF-8' encoding to copy filtered resources.
2018-01-14 20:58:38,323 [Worker-5] INFO  o.e.m.c.i.embedder.EclipseLogger - Copying 3 resources
2018-01-14 20:58:38,399 [Worker-5] INFO  o.e.m.c.i.embedder.EclipseLogger - Using 'UTF-8' encoding to copy filtered resources.
2018-01-14 20:58:38,399 [Worker-5] INFO  o.e.m.c.i.embedder.EclipseLogger - skip non existing resourceDirectory /home/default/reposBitbucket/triskel-backend-web/src/test/resources
2018-01-15 20:27:45,138 [Worker-16] INFO  o.e.m.c.i.embedder.EclipseLogger - Using 'UTF-8' encoding to copy filtered resources.
2018-01-15 20:27:45,145 [Worker-16] INFO  o.e.m.c.i.embedder.EclipseLogger - Copying 3 resources
2018-01-15 20:27:45,152 [Worker-16] INFO  o.e.m.c.i.embedder.EclipseLogger - Using 'UTF-8' encoding to copy filtered resources.
2018-01-15 20:27:45,152 [Worker-16] INFO  o.e.m.c.i.embedder.EclipseLogger - skip non existing resourceDirectory /home/default/reposBitbucket/triskel-backend-web/src/test/resources
2018-01-15 20:47:17,662 [Worker-16] INFO  o.e.m.c.i.embedder.EclipseLogger - Using 'UTF-8' encoding to copy filtered resources.
2018-01-15 20:47:17,665 [Worker-16] INFO  o.e.m.c.i.embedder.EclipseLogger - Copying 3 resources
2018-01-15 20:47:17,669 [Worker-16] INFO  o.e.m.c.i.embedder.EclipseLogger - Using 'UTF-8' encoding to copy filtered resources.
2018-01-15 20:47:17,669 [Worker-16] INFO  o.e.m.c.i.embedder.EclipseLogger - skip non existing resourceDirectory /home/default/reposBitbucket/triskel-backend-web/src/test/resources
2018-01-15 20:56:45,512 [Worker-20] INFO  o.e.m.c.i.embedder.EclipseLogger - Using 'UTF-8' encoding to copy filtered resources.
2018-01-15 20:56:45,513 [Worker-20] INFO  o.e.m.c.i.embedder.EclipseLogger - Copying 3 resources
2018-01-15 20:56:45,514 [Worker-20] INFO  o.e.m.c.i.embedder.EclipseLogger - Using 'UTF-8' encoding to copy filtered resources.
2018-01-15 20:56:45,515 [Worker-20] INFO  o.e.m.c.i.embedder.EclipseLogger - skip non existing resourceDirectory /home/default/reposBitbucket/triskel-backend-web/src/test/resources
2018-01-15 21:13:32,746 [Worker-20] INFO  o.e.m.c.i.embedder.EclipseLogger - Using 'UTF-8' encoding to copy filtered resources.
2018-01-15 21:13:32,747 [Worker-20] INFO  o.e.m.c.i.embedder.EclipseLogger - Copying 3 resources
2018-01-15 21:13:32,749 [Worker-20] INFO  o.e.m.c.i.embedder.EclipseLogger - Using 'UTF-8' encoding to copy filtered resources.
2018-01-15 21:13:32,749 [Worker-20] INFO  o.e.m.c.i.embedder.EclipseLogger - skip non existing resourceDirectory /home/default/reposBitbucket/triskel-backend-web/src/test/resources
2018-01-15 21:13:53,270 [Worker-24] INFO  o.e.m.c.i.embedder.EclipseLogger - Using 'UTF-8' encoding to copy filtered resources.
2018-01-15 21:13:53,271 [Worker-24] INFO  o.e.m.c.i.embedder.EclipseLogger - Copying 3 resources
2018-01-15 21:13:53,272 [Worker-24] INFO  o.e.m.c.i.embedder.EclipseLogger - Using 'UTF-8' encoding to copy filtered resources.
2018-01-15 21:13:53,272 [Worker-24] INFO  o.e.m.c.i.embedder.EclipseLogger - skip non existing resourceDirectory /home/default/reposBitbucket/triskel-backend-web/src/test/resources
2018-01-15 21:35:08,117 [Worker-23] INFO  o.e.m.c.i.embedder.EclipseLogger - Using 'UTF-8' encoding to copy filtered resources.
2018-01-15 21:35:08,118 [Worker-23] INFO  o.e.m.c.i.embedder.EclipseLogger - Copying 3 resources
2018-01-15 21:35:08,119 [Worker-23] INFO  o.e.m.c.i.embedder.EclipseLogger - Using 'UTF-8' encoding to copy filtered resources.
2018-01-15 21:35:08,120 [Worker-23] INFO  o.e.m.c.i.embedder.EclipseLogger - skip non existing resourceDirectory /home/default/reposBitbucket/triskel-backend-web/src/test/resources
2018-01-15 21:40:28,016 [Worker-30] INFO  o.e.m.c.i.embedder.EclipseLogger - Using 'UTF-8' encoding to copy filtered resources.
2018-01-15 21:40:28,017 [Worker-30] INFO  o.e.m.c.i.embedder.EclipseLogger - Copying 3 resources
2018-01-15 21:40:28,018 [Worker-30] INFO  o.e.m.c.i.embedder.EclipseLogger - Using 'UTF-8' encoding to copy filtered resources.
2018-01-15 21:40:28,018 [Worker-30] INFO  o.e.m.c.i.embedder.EclipseLogger - skip non existing resourceDirectory /home/default/reposBitbucket/triskel-backend-web/src/test/resources
2018-01-15 22:48:08,818 [Worker-31] INFO  o.e.m.c.i.embedder.EclipseLogger - Using 'UTF-8' encoding to copy filtered resources.
2018-01-15 22:48:08,821 [Worker-31] INFO  o.e.m.c.i.embedder.EclipseLogger - Copying 3 resources
2018-01-15 22:48:08,825 [Worker-31] INFO  o.e.m.c.i.embedder.EclipseLogger - Using 'UTF-8' encoding to copy filtered resources.
2018-01-15 22:48:08,826 [Worker-31] INFO  o.e.m.c.i.embedder.EclipseLogger - skip non existing resourceDirectory /home/default/reposBitbucket/triskel-backend-web/src/test/resources
2018-01-15 23:39:12,561 [Worker-42] INFO  o.e.m.c.i.embedder.EclipseLogger - Using 'UTF-8' encoding to copy filtered resources.
2018-01-15 23:39:12,567 [Worker-42] INFO  o.e.m.c.i.embedder.EclipseLogger - Copying 3 resources
2018-01-15 23:39:12,577 [Worker-42] INFO  o.e.m.c.i.embedder.EclipseLogger - Using 'UTF-8' encoding to copy filtered resources.
2018-01-15 23:39:12,578 [Worker-42] INFO  o.e.m.c.i.embedder.EclipseLogger - skip non existing resourceDirectory /home/default/reposBitbucket/triskel-backend-web/src/test/resources
2018-01-15 23:50:00,034 [Worker-44] INFO  o.e.m.c.i.embedder.EclipseLogger - Using 'UTF-8' encoding to copy filtered resources.
2018-01-15 23:50:00,036 [Worker-44] INFO  o.e.m.c.i.embedder.EclipseLogger - Copying 3 resources
2018-01-15 23:50:00,046 [Worker-44] INFO  o.e.m.c.i.embedder.EclipseLogger - Using 'UTF-8' encoding to copy filtered resources.
2018-01-15 23:50:00,046 [Worker-44] INFO  o.e.m.c.i.embedder.EclipseLogger - skip non existing resourceDirectory /home/default/reposBitbucket/triskel-backend-web/src/test/resources
2018-01-15 23:50:20,521 [Worker-39] INFO  o.e.m.c.i.embedder.EclipseLogger - Using 'UTF-8' encoding to copy filtered resources.
2018-01-15 23:50:20,523 [Worker-39] INFO  o.e.m.c.i.embedder.EclipseLogger - Copying 3 resources
2018-01-15 23:50:20,528 [Worker-39] INFO  o.e.m.c.i.embedder.EclipseLogger - Using 'UTF-8' encoding to copy filtered resources.
2018-01-15 23:50:20,528 [Worker-39] INFO  o.e.m.c.i.embedder.EclipseLogger - skip non existing resourceDirectory /home/default/reposBitbucket/triskel-backend-web/src/test/resources
2018-01-16 21:16:13,361 [Worker-64] INFO  o.e.m.c.i.embedder.EclipseLogger - Using 'UTF-8' encoding to copy filtered resources.
2018-01-16 21:16:13,363 [Worker-64] INFO  o.e.m.c.i.embedder.EclipseLogger - Copying 3 resources
2018-01-16 21:16:13,365 [Worker-64] INFO  o.e.m.c.i.embedder.EclipseLogger - Using 'UTF-8' encoding to copy filtered resources.
2018-01-16 21:16:13,365 [Worker-64] INFO  o.e.m.c.i.embedder.EclipseLogger - skip non existing resourceDirectory /home/default/reposBitbucket/triskel-backend-web/src/test/resources
2018-01-16 21:53:42,716 [Worker-66] INFO  o.e.m.c.i.embedder.EclipseLogger - Using 'UTF-8' encoding to copy filtered resources.
2018-01-16 21:53:42,716 [Worker-66] INFO  o.e.m.c.i.embedder.EclipseLogger - Copying 3 resources
2018-01-16 21:53:42,717 [Worker-66] INFO  o.e.m.c.i.embedder.EclipseLogger - Using 'UTF-8' encoding to copy filtered resources.
2018-01-16 21:53:42,717 [Worker-66] INFO  o.e.m.c.i.embedder.EclipseLogger - skip non existing resourceDirectory /home/default/reposBitbucket/triskel-backend-web/src/test/resources
2018-01-16 22:07:21,334 [Worker-70] INFO  o.e.m.c.i.embedder.EclipseLogger - Using 'UTF-8' encoding to copy filtered resources.
2018-01-16 22:07:21,335 [Worker-70] INFO  o.e.m.c.i.embedder.EclipseLogger - Copying 3 resources
2018-01-16 22:07:21,336 [Worker-70] INFO  o.e.m.c.i.embedder.EclipseLogger - Using 'UTF-8' encoding to copy filtered resources.
2018-01-16 22:07:21,336 [Worker-70] INFO  o.e.m.c.i.embedder.EclipseLogger - skip non existing resourceDirectory /home/default/reposBitbucket/triskel-backend-web/src/test/resources
2018-01-17 20:41:56,685 [Worker-84] INFO  o.e.m.c.i.embedder.EclipseLogger - Using 'UTF-8' encoding to copy filtered resources.
2018-01-17 20:41:56,686 [Worker-84] INFO  o.e.m.c.i.embedder.EclipseLogger - Copying 3 resources
2018-01-17 20:41:56,687 [Worker-84] INFO  o.e.m.c.i.embedder.EclipseLogger - Using 'UTF-8' encoding to copy filtered resources.
2018-01-17 20:41:56,687 [Worker-84] INFO  o.e.m.c.i.embedder.EclipseLogger - skip non existing resourceDirectory /home/default/reposBitbucket/triskel-backend-web/src/test/resources
2018-01-18 00:02:37,810 [Worker-121] INFO  o.e.m.c.i.embedder.EclipseLogger - Using 'UTF-8' encoding to copy filtered resources.
2018-01-18 00:02:37,811 [Worker-121] INFO  o.e.m.c.i.embedder.EclipseLogger - Copying 3 resources
2018-01-18 00:02:37,812 [Worker-121] INFO  o.e.m.c.i.embedder.EclipseLogger - Using 'UTF-8' encoding to copy filtered resources.
2018-01-18 00:02:37,813 [Worker-121] INFO  o.e.m.c.i.embedder.EclipseLogger - skip non existing resourceDirectory /home/default/reposBitbucket/triskel-backend-web/src/test/resources
2018-01-21 23:16:05,592 [Worker-183] INFO  o.e.m.c.i.embedder.EclipseLogger - Using 'UTF-8' encoding to copy filtered resources.
2018-01-21 23:16:05,594 [Worker-183] INFO  o.e.m.c.i.embedder.EclipseLogger - Copying 3 resources
2018-01-21 23:16:05,595 [Worker-183] INFO  o.e.m.c.i.embedder.EclipseLogger - Using 'UTF-8' encoding to copy filtered resources.
2018-01-21 23:16:05,595 [Worker-183] INFO  o.e.m.c.i.embedder.EclipseLogger - skip non existing resourceDirectory /home/default/reposBitbucket/triskel-backend-web/src/test/resources
2018-02-12 18:33:11,422 [Worker-2] INFO  o.e.m.c.i.embedder.EclipseLogger - Using 'UTF-8' encoding to copy filtered resources.
2018-02-12 18:33:11,429 [Worker-2] INFO  o.e.m.c.i.embedder.EclipseLogger - Copying 3 resources
2018-02-12 18:33:11,438 [Worker-2] INFO  o.e.m.c.i.embedder.EclipseLogger - Using 'UTF-8' encoding to copy filtered resources.
2018-02-12 18:33:11,438 [Worker-2] INFO  o.e.m.c.i.embedder.EclipseLogger - skip non existing resourceDirectory /home/default/reposBitbucket/triskel-backend-web/src/test/resources
2018-02-12 18:33:29,020 [Worker-5] INFO  o.e.m.c.i.embedder.EclipseLogger - Using 'UTF-8' encoding to copy filtered resources.
2018-02-12 18:33:29,022 [Worker-5] INFO  o.e.m.c.i.embedder.EclipseLogger - Copying 0 resource
2018-02-12 18:33:29,024 [Worker-5] INFO  o.e.m.c.i.embedder.EclipseLogger - Using 'UTF-8' encoding to copy filtered resources.
2018-02-12 18:33:29,024 [Worker-5] INFO  o.e.m.c.i.embedder.EclipseLogger - skip non existing resourceDirectory /home/default/reposBitbucket/triskel-backend-web/src/test/resources
2018-02-12 18:51:21,161 [Worker-10] INFO  o.e.m.c.i.embedder.EclipseLogger - Using 'UTF-8' encoding to copy filtered resources.
2018-02-12 18:51:21,164 [Worker-10] INFO  o.e.m.c.i.embedder.EclipseLogger - Copying 3 resources
2018-02-12 18:51:21,166 [Worker-10] INFO  o.e.m.c.i.embedder.EclipseLogger - Using 'UTF-8' encoding to copy filtered resources.
2018-02-12 18:51:21,166 [Worker-10] INFO  o.e.m.c.i.embedder.EclipseLogger - skip non existing resourceDirectory /home/default/reposBitbucket/triskel-backend-web/src/test/resources
2018-02-12 19:16:36,044 [Worker-17] INFO  o.e.m.c.i.embedder.EclipseLogger - Using 'UTF-8' encoding to copy filtered resources.
2018-02-12 19:16:36,045 [Worker-17] INFO  o.e.m.c.i.embedder.EclipseLogger - Copying 3 resources
2018-02-12 19:16:36,047 [Worker-17] INFO  o.e.m.c.i.embedder.EclipseLogger - Using 'UTF-8' encoding to copy filtered resources.
2018-02-12 19:16:36,047 [Worker-17] INFO  o.e.m.c.i.embedder.EclipseLogger - skip non existing resourceDirectory /home/default/reposBitbucket/triskel-backend-web/src/test/resources
